<?xml version="1.0" encoding="UTF-8"?>
<!-- Generated by org.testng.reporters.JUnitReportReporter -->
<testsuite hostname="LAPTOP-9U986QKD" failures="0" tests="6" name="POMproject.WebsiteTestingMay2023.BaseShoppingTest" time="97.711" errors="0" timestamp="2023-09-13T00:52:47 EDT" skipped="0">
  <testcase classname="POMproject.WebsiteTestingMay2023.BaseShoppingTest" name="verifycarttest" time="21.576"/>
  <system-out/>
  <testcase classname="POMproject.WebsiteTestingMay2023.BaseShoppingTest" name="verifyordertest" time="12.099"/>
  <system-out/>
  <testcase classname="POMproject.WebsiteTestingMay2023.BaseShoppingTest" name="submittest" time="14.130"/>
  <system-out/>
  <testcase classname="POMproject.WebsiteTestingMay2023.BaseShoppingTest" name="verifyordertest" time="12.178"/>
  <system-out/>
  <testcase classname="POMproject.WebsiteTestingMay2023.BaseShoppingTest" name="submittest" time="15.282"/>
  <system-out/>
  <testcase classname="POMproject.WebsiteTestingMay2023.BaseShoppingTest" name="verifycarttest" time="22.446"/>
  <system-out/>
</testsuite> <!-- POMproject.WebsiteTestingMay2023.BaseShoppingTest -->
