<?xml version="1.0" encoding="UTF-8"?>
<!-- Generated by org.testng.reporters.JUnitReportReporter -->
<testsuite hostname="LAPTOP-9U986QKD" failures="0" tests="2" name="POMproject.WebsiteTestingMay2023.ErrorValidationTest" time="20.558" errors="0" timestamp="2023-09-13T00:52:47 EDT" skipped="0">
  <testcase classname="POMproject.WebsiteTestingMay2023.ErrorValidationTest" name="validateerrorcode" time="10.628"/>
  <system-out/>
  <testcase classname="POMproject.WebsiteTestingMay2023.ErrorValidationTest" name="validateerrorcode" time="9.930"/>
  <system-out/>
</testsuite> <!-- POMproject.WebsiteTestingMay2023.ErrorValidationTest -->
