<?xml version="1.0" encoding="UTF-8"?>
<!-- Generated by org.testng.reporters.JUnitReportReporter -->
<testsuite hostname="LAPTOP-9U986QKD" failures="0" tests="1" name="POMproject.WebsiteTestingMay2023.AppTest" time="0.017" errors="0" timestamp="2023-09-13T00:52:48 EDT" skipped="0">
  <testcase classname="POMproject.WebsiteTestingMay2023.AppTest" name="shouldAnswerWithTrue" time="0.017"/>
  <system-out/>
</testsuite> <!-- POMproject.WebsiteTestingMay2023.AppTest -->
