<?xml version="1.0" encoding="UTF-8"?>
<!-- Generated by org.testng.reporters.JUnitReportReporter -->
<testsuite hostname="LAPTOP-9U986QKD" failures="0" tests="6" name="POMproject.WebsiteTestingMay2023.BaseShoppingTest" time="90.507" errors="0" timestamp="2024-03-04T01:08:13 EST" skipped="0">
  <testcase classname="POMproject.WebsiteTestingMay2023.BaseShoppingTest" name="verifycarttest" time="18.079"/>
  <system-out/>
  <testcase classname="POMproject.WebsiteTestingMay2023.BaseShoppingTest" name="verifyordertest" time="9.532"/>
  <system-out/>
  <testcase classname="POMproject.WebsiteTestingMay2023.BaseShoppingTest" name="submittest" time="15.455"/>
  <system-out/>
  <testcase classname="POMproject.WebsiteTestingMay2023.BaseShoppingTest" name="verifycarttest" time="21.514"/>
  <system-out/>
  <testcase classname="POMproject.WebsiteTestingMay2023.BaseShoppingTest" name="submittest" time="16.310"/>
  <system-out/>
  <testcase classname="POMproject.WebsiteTestingMay2023.BaseShoppingTest" name="verifyordertest" time="9.617"/>
  <system-out/>
</testsuite> <!-- POMproject.WebsiteTestingMay2023.BaseShoppingTest -->
