<?xml version="1.0" encoding="UTF-8"?>
<!-- Generated by org.testng.reporters.JUnitReportReporter -->
<testsuite hostname="LAPTOP-9U986QKD" failures="0" tests="2" name="POMproject.WebsiteTestingMay2023.ErrorValidationTest" time="22.308" errors="0" timestamp="2024-03-04T01:08:13 EST" skipped="0">
  <testcase classname="POMproject.WebsiteTestingMay2023.ErrorValidationTest" name="validateerrorcode" time="9.109"/>
  <system-out/>
  <testcase classname="POMproject.WebsiteTestingMay2023.ErrorValidationTest" name="validateerrorcode" time="13.199"/>
  <system-out/>
</testsuite> <!-- POMproject.WebsiteTestingMay2023.ErrorValidationTest -->
